<?xml version="1.0" encoding="UTF-8"?>
<!-- Generated by org.testng.reporters.JUnitXMLReporter -->
<testsuite ignored="2" hostname="DESKTOP-MHD5K99" failures="0" tests="2" name="Test" time="0.114" errors="0" timestamp="2023-08-31T16:47:55 IST">
  <testcase classname="testPackage.BaseClass" name="@BeforeSuite extendReport" time="102.978">
    <failure type="org.openqa.selenium.SessionNotCreatedException" message="Could not start a new session. Response code 500. Message: An unknown server-side error occurred while processing the command. Original error: Cannot start the &amp;apos;com.kolonizer.sales&amp;apos; application. Consider checking the driver&amp;apos;s troubleshooting documentation. Original error: Error executing adbExec. Original error: &amp;apos;Command &amp;apos;C:\\Users\\Lenovo\\AppData\\Local\\Android\\Sdk\\platform-tools\\adb.exe -P 5037 -s emulator-5554 shell am start -W -n com.kolonizer.sales/com.example.colonizer_app.MainActivity -S -a android.intent.action.MAIN -c android.intent.category.LAUNCHER -f 0x10200000&amp;apos; timed out after 20000ms&amp;apos;. Try to increase the 20000ms adb execution timeout represented by &amp;apos;adbExecTimeout&amp;apos; capability 
Host info: host: &amp;apos;DESKTOP-MHD5K99&amp;apos;, ip: &amp;apos;192.168.29.227&amp;apos;
Build info: version: &amp;apos;4.8.3&amp;apos;, revision: &amp;apos;e5e76298c3&amp;apos;
System info: os.name: &amp;apos;Windows 11&amp;apos;, os.arch: &amp;apos;amd64&amp;apos;, os.version: &amp;apos;10.0&amp;apos;, java.version: &amp;apos;20.0.1&amp;apos;
Driver info: io.appium.java_client.android.AndroidDriver
Command: [null, newSession {capabilities=[{appium:deviceName=Pratik_Android, platformName=ANDROID, appium:automationName=UIAutomator2, appium:app=C:\Users\Lenovo\eclipse-workspace\App_Testing\src\test\resources\app\Pratik.apk}], desiredCapabilities=Capabilities {appium:app: C:\Users\Lenovo\eclipse-wor..., appium:automationName: UIAutomator2, appium:deviceName: Pratik_Android, platformName: ANDROID}}]
Capabilities {appium:app: C:\Users\Lenovo\eclipse-wor..., appium:automationName: UIAutomator2, appium:deviceName: Pratik_Android, platformName: ANDROID}">
      <![CDATA[org.openqa.selenium.SessionNotCreatedException: Could not start a new session. Response code 500. Message: An unknown server-side error occurred while processing the command. Original error: Cannot start the 'com.kolonizer.sales' application. Consider checking the driver's troubleshooting documentation. Original error: Error executing adbExec. Original error: 'Command 'C:\\Users\\Lenovo\\AppData\\Local\\Android\\Sdk\\platform-tools\\adb.exe -P 5037 -s emulator-5554 shell am start -W -n com.kolonizer.sales/com.example.colonizer_app.MainActivity -S -a android.intent.action.MAIN -c android.intent.category.LAUNCHER -f 0x10200000' timed out after 20000ms'. Try to increase the 20000ms adb execution timeout represented by 'adbExecTimeout' capability 
Host info: host: 'DESKTOP-MHD5K99', ip: '192.168.29.227'
Build info: version: '4.8.3', revision: 'e5e76298c3'
System info: os.name: 'Windows 11', os.arch: 'amd64', os.version: '10.0', java.version: '20.0.1'
Driver info: io.appium.java_client.android.AndroidDriver
Command: [null, newSession {capabilities=[{appium:deviceName=Pratik_Android, platformName=ANDROID, appium:automationName=UIAutomator2, appium:app=C:\Users\Lenovo\eclipse-workspace\App_Testing\src\test\resources\app\Pratik.apk}], desiredCapabilities=Capabilities {appium:app: C:\Users\Lenovo\eclipse-wor..., appium:automationName: UIAutomator2, appium:deviceName: Pratik_Android, platformName: ANDROID}}]
Capabilities {appium:app: C:\Users\Lenovo\eclipse-wor..., appium:automationName: UIAutomator2, appium:deviceName: Pratik_Android, platformName: ANDROID}
at org.openqa.selenium.remote.ProtocolHandshake.createSession(ProtocolHandshake.java:148)
at io.appium.java_client.remote.AppiumProtocolHandshake.createSession(AppiumProtocolHandshake.java:133)
at io.appium.java_client.remote.AppiumProtocolHandshake.createSession(AppiumProtocolHandshake.java:102)
at io.appium.java_client.remote.AppiumCommandExecutor.createSession(AppiumCommandExecutor.java:194)
at io.appium.java_client.remote.AppiumCommandExecutor.execute(AppiumCommandExecutor.java:262)
at org.openqa.selenium.remote.RemoteWebDriver.execute(RemoteWebDriver.java:543)
at io.appium.java_client.AppiumDriver.startSession(AppiumDriver.java:229)
at org.openqa.selenium.remote.RemoteWebDriver.<init>(RemoteWebDriver.java:157)
at io.appium.java_client.AppiumDriver.<init>(AppiumDriver.java:80)
at io.appium.java_client.AppiumDriver.<init>(AppiumDriver.java:92)
at io.appium.java_client.android.AndroidDriver.<init>(AndroidDriver.java:117)
at testPackage.BaseClass.extendReport(BaseClass.java:49)
... Removed 19 stack frames]]>
    </failure>
  </testcase> <!-- @BeforeSuite extendReport -->
  <testcase classname="testPackage.BaseClass" name="@BeforeMethod putWait" time="0.0">
    <skipped/>
  </testcase> <!-- @BeforeMethod putWait -->
  <testcase classname="testPackage.BaseClass" name="@AfterMethod afterMethod" time="0.0">
    <skipped/>
  </testcase> <!-- @AfterMethod afterMethod -->
  <testcase classname="testPackage.BaseClass" name="@BeforeMethod putWait" time="0.0">
    <skipped/>
  </testcase> <!-- @BeforeMethod putWait -->
  <testcase classname="testPackage.BaseClass" name="@AfterMethod afterMethod" time="0.0">
    <skipped/>
  </testcase> <!-- @AfterMethod afterMethod -->
  <testcase classname="testPackage.Verify_LoginPage" name="loginPage_withValidCredential" time="0.0">
    <skipped/>
  </testcase> <!-- loginPage_withValidCredential -->
  <testcase classname="testPackage.Verify_LeadPage" name="createLead" time="0.0">
    <skipped/>
  </testcase> <!-- createLead -->
  <testcase classname="testPackage.BaseClass" name="@AfterSuite closeDriver" time="0.0">
    <ignored/>
  </testcase> <!-- @AfterSuite closeDriver -->
  <testcase classname="testPackage.BaseClass" name="@BeforeSuite extendReport" time="0.0">
    <ignored/>
  </testcase> <!-- @BeforeSuite extendReport -->
</testsuite> <!-- Test -->
